{"contracts\\MoonStaking.sol":{"l":{"51":0,"52":0,"56":0,"57":0,"70":0,"72":0,"73":0,"75":0,"76":0,"77":0,"78":0,"80":0,"81":0,"83":0,"84":0,"88":0,"92":0,"93":0,"95":0,"100":0,"101":0,"102":0,"103":0,"105":0,"109":0,"110":0,"111":0,"113":0,"114":0,"115":0,"116":0,"120":0,"121":0,"123":0,"124":0,"126":0,"127":0,"128":0,"129":0,"130":0,"132":0,"133":0,"134":0,"135":0,"137":0,"138":0,"142":0,"143":0,"144":0,"145":0,"149":0,"150":0,"151":0,"152":0,"153":0,"157":0,"158":0,"159":0,"160":0,"164":0,"168":0,"169":0,"170":0,"171":0,"172":0,"173":0,"174":0,"175":0,"179":0,"180":0,"181":0,"182":0,"186":0,"187":0,"188":0,"192":0,"193":0,"197":0,"201":0,"206":0,"207":0,"208":0,"209":0,"213":0,"214":0,"216":0,"221":0,"222":0,"223":0,"224":0,"228":0,"229":0,"230":0,"231":0,"233":0,"235":0},"path":"D:\\MOON\\moon-sc-core\\contracts\\MoonStaking.sol","s":{"1":0,"2":0,"3":0,"4":0,"5":0,"6":0,"7":0,"8":0,"9":0,"10":0,"11":0,"12":0,"13":0,"14":0,"15":0,"16":0,"17":0,"18":0,"19":0,"20":0,"21":0,"22":0,"23":0,"24":0,"25":0,"26":0,"27":0,"28":0,"29":0,"30":0,"31":0,"32":0,"33":0,"34":0,"35":0,"36":0,"37":0,"38":0,"39":0,"40":0,"41":0,"42":0,"43":0,"44":0,"45":0,"46":0,"47":0,"48":0,"49":0,"50":0,"51":0,"52":0,"53":0,"54":0,"55":0,"56":0,"57":0,"58":0,"59":0,"60":0,"61":0,"62":0,"63":0,"64":0,"65":0,"66":0,"67":0,"68":0,"69":0,"70":0,"71":0,"72":0,"73":0,"74":0,"75":0,"76":0,"77":0,"78":0,"79":0,"80":0,"81":0,"82":0,"83":0,"84":0,"85":0,"86":0,"87":0,"88":0,"89":0,"90":0,"91":0,"92":0,"93":0,"94":0,"95":0,"96":0},"b":{"1":[0,0],"2":[0,0],"3":[0,0],"4":[0,0],"5":[0,0],"6":[0,0],"7":[0,0],"8":[0,0],"9":[0,0],"10":[0,0],"11":[0,0],"12":[0,0],"13":[0,0],"14":[0,0],"15":[0,0],"16":[0,0],"17":[0,0],"18":[0,0],"19":[0,0],"20":[0,0],"21":[0,0],"22":[0,0],"23":[0,0],"24":[0,0]},"f":{"1":0,"2":0,"3":0,"4":0,"5":0,"6":0,"7":0,"8":0,"9":0,"10":0,"11":0,"12":0,"13":0,"14":0,"15":0,"16":0,"17":0,"18":0,"19":0},"fnMap":{"1":{"name":"onlyMoonToken","line":50,"loc":{"start":{"line":50,"column":4},"end":{"line":53,"column":4}}},"2":{"name":"whenStakingActive","line":55,"loc":{"start":{"line":55,"column":4},"end":{"line":58,"column":4}}},"3":{"name":"initialize","line":69,"loc":{"start":{"line":60,"column":4},"end":{"line":89,"column":4}}},"4":{"name":"stake","line":91,"loc":{"start":{"line":91,"column":4},"end":{"line":97,"column":4}}},"5":{"name":"stakeWithReferrer","line":99,"loc":{"start":{"line":99,"column":4},"end":{"line":117,"column":4}}},"6":{"name":"unstake","line":119,"loc":{"start":{"line":119,"column":4},"end":{"line":139,"column":4}}},"7":{"name":"withdraw","line":141,"loc":{"start":{"line":141,"column":4},"end":{"line":146,"column":4}}},"8":{"name":"reinvest","line":148,"loc":{"start":{"line":148,"column":4},"end":{"line":154,"column":4}}},"9":{"name":"distribute","line":156,"loc":{"start":{"line":156,"column":4},"end":{"line":165,"column":4}}},"10":{"name":"claimReferralRewards","line":167,"loc":{"start":{"line":167,"column":4},"end":{"line":176,"column":4}}},"11":{"name":"claimExcessFromReferralPool","line":178,"loc":{"start":{"line":178,"column":4},"end":{"line":183,"column":4}}},"12":{"name":"handleTaxDistribution","line":185,"loc":{"start":{"line":185,"column":4},"end":{"line":189,"column":4}}},"13":{"name":"handleReferralDistribution","line":191,"loc":{"start":{"line":191,"column":4},"end":{"line":194,"column":4}}},"14":{"name":"setStartTime","line":196,"loc":{"start":{"line":196,"column":4},"end":{"line":198,"column":4}}},"15":{"name":"dividendsOf","line":200,"loc":{"start":{"line":200,"column":4},"end":{"line":203,"column":4}}},"16":{"name":"taxAmount","line":205,"loc":{"start":{"line":205,"column":4},"end":{"line":210,"column":4}}},"17":{"name":"uintToInt","line":212,"loc":{"start":{"line":212,"column":4},"end":{"line":218,"column":4}}},"18":{"name":"_addStake","line":220,"loc":{"start":{"line":220,"column":4},"end":{"line":225,"column":4}}},"19":{"name":"_increaseProfitPerShare","line":227,"loc":{"start":{"line":227,"column":4},"end":{"line":237,"column":4}}}},"statementMap":{"1":{"start":{"line":51,"column":8},"end":{"line":51,"column":95}},"2":{"start":{"line":56,"column":8},"end":{"line":56,"column":59}},"3":{"start":{"line":70,"column":8},"end":{"line":70,"column":37}},"4":{"start":{"line":72,"column":8},"end":{"line":72,"column":29}},"5":{"start":{"line":73,"column":8},"end":{"line":73,"column":29}},"6":{"start":{"line":75,"column":8},"end":{"line":75,"column":21}},"7":{"start":{"line":76,"column":8},"end":{"line":76,"column":23}},"8":{"start":{"line":77,"column":8},"end":{"line":77,"column":21}},"9":{"start":{"line":78,"column":8},"end":{"line":78,"column":43}},"10":{"start":{"line":80,"column":8},"end":{"line":80,"column":48}},"11":{"start":{"line":81,"column":8},"end":{"line":81,"column":40}},"12":{"start":{"line":83,"column":8},"end":{"line":83,"column":2684}},"13":{"start":{"line":84,"column":12},"end":{"line":84,"column":44}},"14":{"start":{"line":88,"column":8},"end":{"line":88,"column":33}},"15":{"start":{"line":92,"column":8},"end":{"line":92,"column":2992}},"16":{"start":{"line":93,"column":12},"end":{"line":93,"column":65}},"17":{"start":{"line":95,"column":12},"end":{"line":95,"column":50}},"18":{"start":{"line":100,"column":8},"end":{"line":100,"column":69}},"19":{"start":{"line":101,"column":8},"end":{"line":101,"column":107}},"20":{"start":{"line":102,"column":8},"end":{"line":102,"column":3487}},"21":{"start":{"line":103,"column":12},"end":{"line":103,"column":49}},"22":{"start":{"line":105,"column":8},"end":{"line":105,"column":3648}},"23":{"start":{"line":109,"column":12},"end":{"line":109,"column":53}},"24":{"start":{"line":110,"column":12},"end":{"line":110,"column":84}},"25":{"start":{"line":111,"column":12},"end":{"line":111,"column":74}},"26":{"start":{"line":113,"column":8},"end":{"line":113,"column":75}},"27":{"start":{"line":113,"column":41},"end":{"line":113,"column":74}},"28":{"start":{"line":114,"column":8},"end":{"line":114,"column":24}},"29":{"start":{"line":115,"column":8},"end":{"line":115,"column":113}},"30":{"start":{"line":116,"column":8},"end":{"line":116,"column":50}},"31":{"start":{"line":120,"column":8},"end":{"line":120,"column":65}},"32":{"start":{"line":121,"column":8},"end":{"line":121,"column":98}},"33":{"start":{"line":123,"column":8},"end":{"line":123,"column":82}},"34":{"start":{"line":124,"column":8},"end":{"line":124,"column":81}},"35":{"start":{"line":126,"column":8},"end":{"line":126,"column":80}},"36":{"start":{"line":126,"column":46},"end":{"line":126,"column":79}},"37":{"start":{"line":127,"column":8},"end":{"line":127,"column":44}},"38":{"start":{"line":128,"column":8},"end":{"line":128,"column":66}},"39":{"start":{"line":129,"column":8},"end":{"line":129,"column":92}},"40":{"start":{"line":130,"column":8},"end":{"line":130,"column":80}},"41":{"start":{"line":132,"column":8},"end":{"line":132,"column":41}},"42":{"start":{"line":133,"column":8},"end":{"line":133,"column":33}},"43":{"start":{"line":134,"column":8},"end":{"line":134,"column":39}},"44":{"start":{"line":135,"column":8},"end":{"line":135,"column":53}},"45":{"start":{"line":137,"column":8},"end":{"line":137,"column":117}},"46":{"start":{"line":138,"column":8},"end":{"line":138,"column":81}},"47":{"start":{"line":142,"column":8},"end":{"line":142,"column":105}},"48":{"start":{"line":143,"column":8},"end":{"line":143,"column":109}},"49":{"start":{"line":144,"column":8},"end":{"line":144,"column":45}},"50":{"start":{"line":145,"column":8},"end":{"line":145,"column":43}},"51":{"start":{"line":149,"column":8},"end":{"line":149,"column":105}},"52":{"start":{"line":150,"column":8},"end":{"line":150,"column":57}},"53":{"start":{"line":151,"column":8},"end":{"line":151,"column":80}},"54":{"start":{"line":152,"column":8},"end":{"line":152,"column":24}},"55":{"start":{"line":153,"column":8},"end":{"line":153,"column":43}},"56":{"start":{"line":157,"column":8},"end":{"line":157,"column":112}},"57":{"start":{"line":158,"column":8},"end":{"line":158,"column":58}},"58":{"start":{"line":159,"column":8},"end":{"line":159,"column":38}},"59":{"start":{"line":160,"column":8},"end":{"line":160,"column":6638}},"60":{"start":{"line":164,"column":8},"end":{"line":164,"column":45}},"61":{"start":{"line":168,"column":8},"end":{"line":168,"column":49}},"62":{"start":{"line":169,"column":8},"end":{"line":169,"column":67}},"63":{"start":{"line":170,"column":8},"end":{"line":170,"column":87}},"64":{"start":{"line":171,"column":8},"end":{"line":171,"column":62}},"65":{"start":{"line":172,"column":8},"end":{"line":172,"column":46}},"66":{"start":{"line":173,"column":8},"end":{"line":173,"column":38}},"67":{"start":{"line":174,"column":8},"end":{"line":174,"column":45}},"68":{"start":{"line":175,"column":8},"end":{"line":175,"column":48}},"69":{"start":{"line":179,"column":8},"end":{"line":179,"column":98}},"70":{"start":{"line":180,"column":8},"end":{"line":180,"column":46}},"71":{"start":{"line":181,"column":8},"end":{"line":181,"column":45}},"72":{"start":{"line":182,"column":8},"end":{"line":182,"column":54}},"73":{"start":{"line":186,"column":8},"end":{"line":186,"column":58}},"74":{"start":{"line":187,"column":8},"end":{"line":187,"column":38}},"75":{"start":{"line":188,"column":8},"end":{"line":188,"column":45}},"76":{"start":{"line":192,"column":8},"end":{"line":192,"column":31}},"77":{"start":{"line":193,"column":8},"end":{"line":193,"column":53}},"78":{"start":{"line":197,"column":8},"end":{"line":197,"column":22}},"79":{"start":{"line":201,"column":8},"end":{"line":201,"column":8335}},"80":{"start":{"line":206,"column":8},"end":{"line":206,"column":31}},"81":{"start":{"line":207,"column":8},"end":{"line":207,"column":33}},"82":{"start":{"line":208,"column":8},"end":{"line":208,"column":36}},"83":{"start":{"line":209,"column":8},"end":{"line":209,"column":36}},"84":{"start":{"line":213,"column":8},"end":{"line":213,"column":8770}},"85":{"start":{"line":214,"column":12},"end":{"line":214,"column":66}},"86":{"start":{"line":216,"column":12},"end":{"line":216,"column":27}},"87":{"start":{"line":221,"column":8},"end":{"line":221,"column":44}},"88":{"start":{"line":222,"column":8},"end":{"line":222,"column":66}},"89":{"start":{"line":223,"column":8},"end":{"line":223,"column":48}},"90":{"start":{"line":224,"column":8},"end":{"line":224,"column":80}},"91":{"start":{"line":228,"column":8},"end":{"line":228,"column":9319}},"92":{"start":{"line":229,"column":12},"end":{"line":229,"column":9360}},"93":{"start":{"line":230,"column":16},"end":{"line":230,"column":52}},"94":{"start":{"line":231,"column":16},"end":{"line":231,"column":35}},"95":{"start":{"line":233,"column":12},"end":{"line":233,"column":100}},"96":{"start":{"line":235,"column":12},"end":{"line":235,"column":58}}},"branchMap":{"1":{"line":51,"type":"if","locations":[{"start":{"line":51,"column":8},"end":{"line":51,"column":8}},{"start":{"line":51,"column":8},"end":{"line":51,"column":8}}]},"2":{"line":56,"type":"if","locations":[{"start":{"line":56,"column":8},"end":{"line":56,"column":8}},{"start":{"line":56,"column":8},"end":{"line":56,"column":8}}]},"3":{"line":92,"type":"if","locations":[{"start":{"line":92,"column":8},"end":{"line":92,"column":8}},{"start":{"line":92,"column":8},"end":{"line":92,"column":8}}]},"4":{"line":100,"type":"if","locations":[{"start":{"line":100,"column":8},"end":{"line":100,"column":8}},{"start":{"line":100,"column":8},"end":{"line":100,"column":8}}]},"5":{"line":101,"type":"if","locations":[{"start":{"line":101,"column":8},"end":{"line":101,"column":8}},{"start":{"line":101,"column":8},"end":{"line":101,"column":8}}]},"6":{"line":102,"type":"if","locations":[{"start":{"line":102,"column":8},"end":{"line":102,"column":8}},{"start":{"line":102,"column":8},"end":{"line":102,"column":8}}]},"7":{"line":105,"type":"if","locations":[{"start":{"line":105,"column":8},"end":{"line":105,"column":8}},{"start":{"line":105,"column":8},"end":{"line":105,"column":8}}]},"8":{"line":113,"type":"if","locations":[{"start":{"line":113,"column":8},"end":{"line":113,"column":8}},{"start":{"line":113,"column":8},"end":{"line":113,"column":8}}]},"9":{"line":115,"type":"if","locations":[{"start":{"line":115,"column":8},"end":{"line":115,"column":8}},{"start":{"line":115,"column":8},"end":{"line":115,"column":8}}]},"10":{"line":120,"type":"if","locations":[{"start":{"line":120,"column":8},"end":{"line":120,"column":8}},{"start":{"line":120,"column":8},"end":{"line":120,"column":8}}]},"11":{"line":121,"type":"if","locations":[{"start":{"line":121,"column":8},"end":{"line":121,"column":8}},{"start":{"line":121,"column":8},"end":{"line":121,"column":8}}]},"12":{"line":126,"type":"if","locations":[{"start":{"line":126,"column":8},"end":{"line":126,"column":8}},{"start":{"line":126,"column":8},"end":{"line":126,"column":8}}]},"13":{"line":137,"type":"if","locations":[{"start":{"line":137,"column":8},"end":{"line":137,"column":8}},{"start":{"line":137,"column":8},"end":{"line":137,"column":8}}]},"14":{"line":142,"type":"if","locations":[{"start":{"line":142,"column":8},"end":{"line":142,"column":8}},{"start":{"line":142,"column":8},"end":{"line":142,"column":8}}]},"15":{"line":149,"type":"if","locations":[{"start":{"line":149,"column":8},"end":{"line":149,"column":8}},{"start":{"line":149,"column":8},"end":{"line":149,"column":8}}]},"16":{"line":157,"type":"if","locations":[{"start":{"line":157,"column":8},"end":{"line":157,"column":8}},{"start":{"line":157,"column":8},"end":{"line":157,"column":8}}]},"17":{"line":160,"type":"if","locations":[{"start":{"line":160,"column":8},"end":{"line":160,"column":8}},{"start":{"line":160,"column":8},"end":{"line":160,"column":8}}]},"18":{"line":169,"type":"if","locations":[{"start":{"line":169,"column":8},"end":{"line":169,"column":8}},{"start":{"line":169,"column":8},"end":{"line":169,"column":8}}]},"19":{"line":170,"type":"if","locations":[{"start":{"line":170,"column":8},"end":{"line":170,"column":8}},{"start":{"line":170,"column":8},"end":{"line":170,"column":8}}]},"20":{"line":179,"type":"if","locations":[{"start":{"line":179,"column":8},"end":{"line":179,"column":8}},{"start":{"line":179,"column":8},"end":{"line":179,"column":8}}]},"21":{"line":213,"type":"if","locations":[{"start":{"line":213,"column":8},"end":{"line":213,"column":8}},{"start":{"line":213,"column":8},"end":{"line":213,"column":8}}]},"22":{"line":214,"type":"if","locations":[{"start":{"line":214,"column":12},"end":{"line":214,"column":12}},{"start":{"line":214,"column":12},"end":{"line":214,"column":12}}]},"23":{"line":228,"type":"if","locations":[{"start":{"line":228,"column":8},"end":{"line":228,"column":8}},{"start":{"line":228,"column":8},"end":{"line":228,"column":8}}]},"24":{"line":229,"type":"if","locations":[{"start":{"line":229,"column":12},"end":{"line":229,"column":12}},{"start":{"line":229,"column":12},"end":{"line":229,"column":12}}]}}},"contracts\\MoonTokenV2.sol":{"l":{"33":0,"35":0,"36":0,"37":0,"38":0,"40":0,"42":0,"43":0,"45":0,"48":0,"52":0,"56":0,"57":0,"58":0,"59":0,"63":0,"66":0,"70":0,"73":0,"74":0,"82":0,"86":0,"90":0,"91":0,"96":0,"97":0,"98":0,"99":0,"101":0,"105":0,"109":0,"110":0,"111":0,"113":0,"118":0,"119":0,"121":0,"122":0,"124":0,"125":0,"126":0,"127":0,"128":0},"path":"D:\\MOON\\moon-sc-core\\contracts\\MoonTokenV2.sol","s":{"1":0,"2":0,"3":0,"4":0,"5":0,"6":0,"7":0,"8":0,"9":0,"10":0,"11":0,"12":0,"13":0,"14":0,"15":0,"16":0,"17":0,"18":0,"19":0,"20":0,"21":0,"22":0,"23":0,"24":0,"25":0,"26":0,"27":0,"28":0,"29":0,"30":0,"31":0,"32":0,"33":0,"34":0,"35":0,"36":0,"37":0,"38":0,"39":0,"40":0,"41":0,"42":0,"43":0,"44":0},"b":{"1":[0,0],"2":[0,0],"3":[0,0],"4":[0,0],"5":[0,0],"6":[0,0],"7":[0,0],"8":[0,0]},"f":{"1":0,"2":0,"3":0,"4":0,"5":0,"6":0,"7":0,"8":0,"9":0,"10":0,"11":0},"fnMap":{"1":{"name":"initialize","line":32,"loc":{"start":{"line":28,"column":4},"end":{"line":49,"column":4}}},"2":{"name":"setTaxExemptStatus","line":51,"loc":{"start":{"line":51,"column":4},"end":{"line":53,"column":4}}},"3":{"name":"taxAmount","line":55,"loc":{"start":{"line":55,"column":4},"end":{"line":60,"column":4}}},"4":{"name":"transfer","line":62,"loc":{"start":{"line":62,"column":4},"end":{"line":67,"column":4}}},"5":{"name":"transferFrom","line":69,"loc":{"start":{"line":69,"column":4},"end":{"line":83,"column":4}}},"6":{"name":"setBonusWhitelist","line":85,"loc":{"start":{"line":85,"column":4},"end":{"line":87,"column":4}}},"7":{"name":"grantBonusWhitelistMulti","line":89,"loc":{"start":{"line":89,"column":4},"end":{"line":93,"column":4}}},"8":{"name":"airdrop","line":95,"loc":{"start":{"line":95,"column":4},"end":{"line":102,"column":4}}},"9":{"name":"setAirdropComplete","line":104,"loc":{"start":{"line":104,"column":4},"end":{"line":106,"column":4}}},"10":{"name":"_airdrop","line":108,"loc":{"start":{"line":108,"column":4},"end":{"line":115,"column":4}}},"11":{"name":"_transferWithTax","line":117,"loc":{"start":{"line":117,"column":4},"end":{"line":129,"column":4}}}},"statementMap":{"1":{"start":{"line":33,"column":8},"end":{"line":33,"column":37}},"2":{"start":{"line":35,"column":8},"end":{"line":35,"column":21}},"3":{"start":{"line":36,"column":8},"end":{"line":36,"column":23}},"4":{"start":{"line":37,"column":8},"end":{"line":37,"column":21}},"5":{"start":{"line":38,"column":8},"end":{"line":38,"column":25}},"6":{"start":{"line":40,"column":8},"end":{"line":40,"column":33}},"7":{"start":{"line":42,"column":8},"end":{"line":42,"column":45}},"8":{"start":{"line":43,"column":8},"end":{"line":43,"column":52}},"9":{"start":{"line":45,"column":8},"end":{"line":45,"column":55}},"10":{"start":{"line":48,"column":8},"end":{"line":48,"column":33}},"11":{"start":{"line":52,"column":8},"end":{"line":52,"column":34}},"12":{"start":{"line":56,"column":8},"end":{"line":56,"column":31}},"13":{"start":{"line":57,"column":8},"end":{"line":57,"column":33}},"14":{"start":{"line":58,"column":8},"end":{"line":58,"column":36}},"15":{"start":{"line":59,"column":8},"end":{"line":59,"column":36}},"16":{"start":{"line":63,"column":8},"end":{"line":63,"column":2230}},"17":{"start":{"line":66,"column":8},"end":{"line":66,"column":19}},"18":{"start":{"line":70,"column":8},"end":{"line":70,"column":2535}},"19":{"start":{"line":73,"column":8},"end":{"line":73,"column":53}},"20":{"start":{"line":73,"column":42},"end":{"line":73,"column":53}},"21":{"start":{"line":74,"column":8},"end":{"line":74,"column":2719}},"22":{"start":{"line":82,"column":8},"end":{"line":82,"column":19}},"23":{"start":{"line":86,"column":8},"end":{"line":86,"column":37}},"24":{"start":{"line":90,"column":8},"end":{"line":90,"column":3171}},"25":{"start":{"line":91,"column":12},"end":{"line":91,"column":46}},"26":{"start":{"line":96,"column":8},"end":{"line":96,"column":100}},"27":{"start":{"line":97,"column":8},"end":{"line":97,"column":56}},"28":{"start":{"line":98,"column":8},"end":{"line":98,"column":3550}},"29":{"start":{"line":99,"column":12},"end":{"line":99,"column":45}},"30":{"start":{"line":101,"column":8},"end":{"line":101,"column":79}},"31":{"start":{"line":105,"column":8},"end":{"line":105,"column":31}},"32":{"start":{"line":109,"column":8},"end":{"line":109,"column":90}},"33":{"start":{"line":110,"column":8},"end":{"line":110,"column":4012}},"34":{"start":{"line":111,"column":12},"end":{"line":111,"column":49}},"35":{"start":{"line":113,"column":12},"end":{"line":113,"column":34}},"36":{"start":{"line":118,"column":8},"end":{"line":118,"column":77}},"37":{"start":{"line":119,"column":8},"end":{"line":119,"column":78}},"38":{"start":{"line":121,"column":8},"end":{"line":121,"column":82}},"39":{"start":{"line":122,"column":8},"end":{"line":122,"column":89}},"40":{"start":{"line":124,"column":8},"end":{"line":124,"column":77}},"41":{"start":{"line":125,"column":8},"end":{"line":125,"column":32}},"42":{"start":{"line":126,"column":8},"end":{"line":126,"column":53}},"43":{"start":{"line":127,"column":8},"end":{"line":127,"column":51}},"44":{"start":{"line":128,"column":8},"end":{"line":128,"column":61}}},"branchMap":{"1":{"line":73,"type":"if","locations":[{"start":{"line":73,"column":8},"end":{"line":73,"column":8}},{"start":{"line":73,"column":8},"end":{"line":73,"column":8}}]},"2":{"line":96,"type":"if","locations":[{"start":{"line":96,"column":8},"end":{"line":96,"column":8}},{"start":{"line":96,"column":8},"end":{"line":96,"column":8}}]},"3":{"line":97,"type":"if","locations":[{"start":{"line":97,"column":8},"end":{"line":97,"column":8}},{"start":{"line":97,"column":8},"end":{"line":97,"column":8}}]},"4":{"line":101,"type":"if","locations":[{"start":{"line":101,"column":8},"end":{"line":101,"column":8}},{"start":{"line":101,"column":8},"end":{"line":101,"column":8}}]},"5":{"line":109,"type":"if","locations":[{"start":{"line":109,"column":8},"end":{"line":109,"column":8}},{"start":{"line":109,"column":8},"end":{"line":109,"column":8}}]},"6":{"line":110,"type":"if","locations":[{"start":{"line":110,"column":8},"end":{"line":110,"column":8}},{"start":{"line":110,"column":8},"end":{"line":110,"column":8}}]},"7":{"line":118,"type":"if","locations":[{"start":{"line":118,"column":8},"end":{"line":118,"column":8}},{"start":{"line":118,"column":8},"end":{"line":118,"column":8}}]},"8":{"line":119,"type":"if","locations":[{"start":{"line":119,"column":8},"end":{"line":119,"column":8}},{"start":{"line":119,"column":8},"end":{"line":119,"column":8}}]}}}}